0 info it worked if it ends with ok
1 verbose cli [ 'node',
1 verbose cli   'C:\\Users\\ZQX\\AppData\\Roaming\\npm\\node_modules\\npm\\bin\\npm-cli.js',
1 verbose cli   'run',
1 verbose cli   'watch' ]
2 info using npm@3.7.2
3 info using node@v0.12.0
4 verbose run-script [ 'prewatch', 'watch', 'postwatch' ]
5 info lifecycle thinkphp-tmodjs@0.0.1~prewatch: thinkphp-tmodjs@0.0.1
6 silly lifecycle thinkphp-tmodjs@0.0.1~prewatch: no script for prewatch, continuing
7 info lifecycle thinkphp-tmodjs@0.0.1~watch: thinkphp-tmodjs@0.0.1
8 verbose lifecycle thinkphp-tmodjs@0.0.1~watch: unsafe-perm in lifecycle true
9 verbose lifecycle thinkphp-tmodjs@0.0.1~watch: PATH: C:\Users\ZQX\AppData\Roaming\npm\node_modules\npm\bin\node-gyp-bin;G:\wamp\www\thinkphp-master\Tpl\node_modules\.bin;E:\Node.js;C:\Windows\system32;C:\Windows;C:\Windows\System32\Wbem;C:\Windows\System32\WindowsPowerShell\v1.0\;C:\Program Files (x86)\ATI Technologies\ATI.ACE\Core-Static;C:\Program Files\Java\jdk1.7.0_51\bin;;C:\Program Files\Java\jdk1.7.0_51\bin;C:\Program Files\Java\jdk1.7.0_51\jre\bin;E:\hy-phone\php-5.6.13-nts-Win32-VC11-x64;C:\Users\ZQX\AppData\Roaming\npm;C:\Users\ZQX\AppData\Local\GitHub\PortableGit_25d850739bc178b2eb13c3e2a9faafea2f9143c0\cmd;E:\Node.js;C:\Windows\system32;C:\Windows;C:\Windows\System32\Wbem;C:\Windows\System32\WindowsPowerShell\v1.0\;C:\Program Files (x86)\ATI Technologies\ATI.ACE\Core-Static;C:\Program Files\Java\jdk1.7.0_51\bin;;C:\Program Files\Java\jdk1.7.0_51\bin;C:\Program Files\Java\jdk1.7.0_51\jre\bin;E:\hy-phone\php-5.6.13-nts-Win32-VC11-x64;;C:\Users\ZQX\AppData\Roaming\npm
10 verbose lifecycle thinkphp-tmodjs@0.0.1~watch: CWD: G:\wamp\www\thinkphp-master\Tpl
11 silly lifecycle thinkphp-tmodjs@0.0.1~watch: Args: [ '/d /s /c', 'gulp watch' ]
12 silly lifecycle thinkphp-tmodjs@0.0.1~watch: Returned: code: 1  signal: null
13 info lifecycle thinkphp-tmodjs@0.0.1~watch: Failed to exec watch script
14 verbose stack Error: thinkphp-tmodjs@0.0.1 watch: `gulp watch`
14 verbose stack Exit status 1
14 verbose stack     at EventEmitter.<anonymous> (C:\Users\ZQX\AppData\Roaming\npm\node_modules\npm\lib\utils\lifecycle.js:239:16)
14 verbose stack     at EventEmitter.emit (events.js:110:17)
14 verbose stack     at ChildProcess.<anonymous> (C:\Users\ZQX\AppData\Roaming\npm\node_modules\npm\lib\utils\spawn.js:24:14)
14 verbose stack     at ChildProcess.emit (events.js:110:17)
14 verbose stack     at maybeClose (child_process.js:1008:16)
14 verbose stack     at Process.ChildProcess._handle.onexit (child_process.js:1080:5)
15 verbose pkgid thinkphp-tmodjs@0.0.1
16 verbose cwd G:\wamp\www\thinkphp-master\Tpl
17 error Windows_NT 6.3.9600
18 error argv "node" "C:\\Users\\ZQX\\AppData\\Roaming\\npm\\node_modules\\npm\\bin\\npm-cli.js" "run" "watch"
19 error node v0.12.0
20 error npm  v3.7.2
21 error code ELIFECYCLE
22 error thinkphp-tmodjs@0.0.1 watch: `gulp watch`
22 error Exit status 1
23 error Failed at the thinkphp-tmodjs@0.0.1 watch script 'gulp watch'.
23 error Make sure you have the latest version of node.js and npm installed.
23 error If you do, this is most likely a problem with the thinkphp-tmodjs package,
23 error not with npm itself.
23 error Tell the author that this fails on your system:
23 error     gulp watch
23 error You can get information on how to open an issue for this project with:
23 error     npm bugs thinkphp-tmodjs
23 error Or if that isn't available, you can get their info via:
23 error     npm owner ls thinkphp-tmodjs
23 error There is likely additional logging output above.
24 verbose exit [ 1, true ]
